<?xml version="1.0" encoding="UTF-8"?>
<testsuite name="co.touchlab.kampkit.KoinTest" tests="1" skipped="0" failures="0" errors="0" timestamp="2026-04-23T20:39:15.483Z" hostname="runnervmeorf1" time="10.081">
  <properties/>
  <testcase name="checkAllModules" classname="co.touchlab.kampkit.KoinTest" time="6.218"/>
  <system-out><![CDATA[]]></system-out>
  <system-err><![CDATA[SLF4J(W): No SLF4J providers were found.
SLF4J(W): Defaulting to no-operation (NOP) logger implementation
SLF4J(W): See https://www.slf4j.org/codes.html#noProviders for further details.
]]></system-err>
</testsuite>
